<?xml version="1.0" encoding="UTF-8"?>
<!-- Generated by org.testng.reporters.JUnitReportReporter -->
<testsuite skipped="0" hostname="HP-PC" name="DependsOnMethod" tests="3" failures="0" timestamp="2020-03-03T09:23:23 IST" time="0.030" errors="0">
  <testcase name="homepage" time="0.002" classname="DependsOnMethod"/>
  <testcase name="login" time="0.021" classname="DependsOnMethod"/>
  <testcase name="logout" time="0.007" classname="DependsOnMethod"/>
</testsuite> <!-- DependsOnMethod -->
