<?xml version="1.0" encoding="UTF-8"?>
<!-- Generated by org.testng.reporters.JUnitReportReporter -->
<testsuite skipped="0" hostname="HP-PC" name="testngpackage.FirstTestCase" tests="6" failures="0" timestamp="2020-03-03T22:38:08 IST" time="0.024" errors="0">
  <testcase name="test3" time="0.009" classname="testngpackage.FirstTestCase"/>
  <testcase name="test2" time="0.004" classname="testngpackage.FirstTestCase"/>
  <testcase name="test3" time="0.004" classname="testngpackage.FirstTestCase"/>
  <testcase name="test2" time="0.002" classname="testngpackage.FirstTestCase"/>
  <testcase name="test1" time="0.001" classname="testngpackage.FirstTestCase"/>
  <testcase name="test1" time="0.004" classname="testngpackage.FirstTestCase"/>
</testsuite> <!-- testngpackage.FirstTestCase -->
