<?xml version="1.0" encoding="UTF-8"?>
<!-- Generated by org.testng.reporters.JUnitReportReporter -->
<testsuite skipped="0" hostname="HP-PC" name="FirstTestCase" tests="3" failures="0" timestamp="2020-03-03T08:48:23 IST" time="0.026" errors="0">
  <testcase name="test2" time="0.022" classname="FirstTestCase"/>
  <testcase name="test3" time="0.002" classname="FirstTestCase"/>
  <testcase name="test1" time="0.002" classname="FirstTestCase"/>
</testsuite> <!-- FirstTestCase -->
