<?xml version="1.0" encoding="UTF-8"?>
<!-- Generated by org.testng.reporters.JUnitReportReporter -->
<testsuite skipped="0" hostname="HP-PC" name="testngpackage.FirstTestCase" tests="3" failures="0" timestamp="2020-03-10T09:59:26 IST" time="0.032" errors="0">
  <testcase name="test2" time="0.016" classname="testngpackage.FirstTestCase"/>
  <testcase name="test3" time="0.016" classname="testngpackage.FirstTestCase"/>
  <testcase name="test1" time="0.000" classname="testngpackage.FirstTestCase"/>
</testsuite> <!-- testngpackage.FirstTestCase -->
