<?xml version="1.0" encoding="UTF-8"?>
<!-- Generated by org.testng.reporters.JUnitReportReporter -->
<testsuite skipped="0" hostname="HP-PC" name="testngpackage.LearnDataProvider" tests="5" failures="0" timestamp="2020-03-10T09:59:46 IST" time="0.016" errors="0">
  <testcase name="test" time="0.000" classname="testngpackage.LearnDataProvider"/>
  <testcase name="test" time="0.000" classname="testngpackage.LearnDataProvider"/>
  <testcase name="test" time="0.016" classname="testngpackage.LearnDataProvider"/>
  <testcase name="test" time="0.000" classname="testngpackage.LearnDataProvider"/>
  <testcase name="testskip" time="0.000" classname="testngpackage.LearnDataProvider"/>
</testsuite> <!-- testngpackage.LearnDataProvider -->
