<?xml version="1.0" encoding="UTF-8"?>
<!-- Generated by org.testng.reporters.JUnitReportReporter -->
<testsuite skipped="0" hostname="HP-PC" name="testngpackage.DependsOnMethod" tests="6" failures="0" timestamp="2020-03-03T22:38:08 IST" time="0.053" errors="0">
  <testcase name="logout" time="0.010" classname="testngpackage.DependsOnMethod"/>
  <testcase name="login" time="0.020" classname="testngpackage.DependsOnMethod"/>
  <testcase name="homepage" time="0.000" classname="testngpackage.DependsOnMethod"/>
  <testcase name="login" time="0.003" classname="testngpackage.DependsOnMethod"/>
  <testcase name="logout" time="0.013" classname="testngpackage.DependsOnMethod"/>
  <testcase name="homepage" time="0.007" classname="testngpackage.DependsOnMethod"/>
</testsuite> <!-- testngpackage.DependsOnMethod -->
