<?xml version="1.0" encoding="UTF-8"?>
<!-- Generated by org.testng.reporters.JUnitReportReporter -->
<testsuite skipped="0" hostname="HP-PC" name="testngpackage.DependsOnMethod" tests="3" failures="0" timestamp="2020-03-10T09:59:26 IST" time="0.016" errors="0">
  <testcase name="homepage" time="0.000" classname="testngpackage.DependsOnMethod"/>
  <testcase name="login" time="0.016" classname="testngpackage.DependsOnMethod"/>
  <testcase name="logout" time="0.000" classname="testngpackage.DependsOnMethod"/>
</testsuite> <!-- testngpackage.DependsOnMethod -->
