<?xml version="1.0" encoding="UTF-8"?>
<!-- Generated by org.testng.reporters.JUnitReportReporter -->
<testsuite skipped="0" hostname="HP-PC" name="casestestpackage.TestCasesNewButton" tests="1" failures="0" timestamp="2020-04-22T17:52:17 IST" time="22.429" errors="0">
  <testcase name="verifyClickNewButton" time="22.429" classname="casestestpackage.TestCasesNewButton"/>
</testsuite> <!-- casestestpackage.TestCasesNewButton -->
