<?xml version="1.0" encoding="UTF-8"?>
<!-- Generated by org.testng.reporters.JUnitReportReporter -->
<testsuite skipped="0" hostname="HP-PC" name="truck.SendQuote" tests="1" failures="0" timestamp="2020-03-04T09:03:45 IST" time="0.002" errors="0">
  <testcase name="SendtheQuote" time="0.002" classname="truck.SendQuote"/>
</testsuite> <!-- truck.SendQuote -->
