<?xml version="1.0" encoding="UTF-8"?>
<!-- Generated by org.testng.reporters.JUnitReportReporter -->
<testsuite skipped="0" hostname="HP-PC" name="camper.EnterProductData" tests="1" failures="0" timestamp="2020-03-04T09:03:45 IST" time="0.003" errors="0">
  <testcase name="ProductData" time="0.003" classname="camper.EnterProductData"/>
</testsuite> <!-- camper.EnterProductData -->
