<?xml version="1.0" encoding="UTF-8"?>
<!-- Generated by org.testng.reporters.JUnitReportReporter -->
<testsuite skipped="0" hostname="HP-PC" name="apitestcases.APItest1" tests="1" failures="0" timestamp="2020-03-11T10:24:43 IST" time="3.323" errors="0">
  <testcase name="test1" time="3.323" classname="apitestcases.APItest1"/>
</testsuite> <!-- apitestcases.APItest1 -->
