<?xml version="1.0" encoding="UTF-8"?>
<!-- Generated by org.testng.reporters.JUnitReportReporter -->
<testsuite skipped="0" hostname="HP-PC" name="apitestcases.APItest2" tests="1" failures="0" timestamp="2020-03-11T10:38:04 IST" time="4.530" errors="0">
  <testcase name="postrequest" time="4.530" classname="apitestcases.APItest2"/>
</testsuite> <!-- apitestcases.APItest2 -->
