<?xml version="1.0" encoding="UTF-8"?>
<!-- Generated by org.testng.reporters.JUnitReportReporter -->
<testsuite skipped="0" hostname="HP-PC" name="automobile.SendQuote" tests="1" failures="0" timestamp="05 Mar 2020 03:38:15 GMT" time="0.003" errors="0">
  <testcase name="SendtheQuote" time="0.003" classname="automobile.SendQuote"/>
</testsuite> <!-- automobile.SendQuote -->
