<?xml version="1.0" encoding="UTF-8"?>
<!-- Generated by org.testng.reporters.JUnitReportReporter -->
<testsuite skipped="0" hostname="HP-PC" name="camper.EnterInsurantData" tests="1" failures="0" timestamp="05 Mar 2020 03:38:15 GMT" time="0.002" errors="0">
  <testcase name="InsurantData" time="0.002" classname="camper.EnterInsurantData"/>
</testsuite> <!-- camper.EnterInsurantData -->
