<?xml version="1.0" encoding="UTF-8"?>
<!-- Generated by org.testng.reporters.JUnitReportReporter -->
<testsuite skipped="0" hostname="HP-PC" name="truck.EnterProductData" tests="1" failures="0" timestamp="05 Mar 2020 03:38:15 GMT" time="0.080" errors="0">
  <testcase name="ProductData" time="0.080" classname="truck.EnterProductData"/>
</testsuite> <!-- truck.EnterProductData -->
