<?xml version="1.0" encoding="UTF-8"?>
<!-- Generated by org.testng.reporters.JUnitReportReporter -->
<testsuite skipped="0" hostname="HP-PC" name="samplepackage.TestScript" tests="3" failures="0" timestamp="05 Mar 2020 03:38:15 GMT" time="34.198" errors="0">
  <testcase name="test3" time="0.003" classname="samplepackage.TestScript"/>
  <testcase name="test1" time="34.192" classname="samplepackage.TestScript"/>
  <testcase name="test2" time="0.003" classname="samplepackage.TestScript"/>
</testsuite> <!-- samplepackage.TestScript -->
